<?xml version="1.0" encoding="UTF-8"?>
<testng-results ignored="0" total="1" passed="1" failed="0" skipped="0">
  <reporter-output>
  </reporter-output>
  <suite started-at="2022-03-03T21:03:15 IST" name="Suite" finished-at="2022-03-03T21:04:07 IST" duration-ms="51804">
    <groups>
    </groups>
    <test started-at="2022-03-03T21:03:15 IST" name="Testone" finished-at="2022-03-03T21:04:07 IST" duration-ms="51804">
      <class name="TestComponent.UITest">
        <test-method is-config="true" signature="beforeSuite()[pri:0, instance:TestComponent.UITest@4135c3b]" started-at="2022-03-03T21:03:15 IST" name="beforeSuite" finished-at="2022-03-03T21:03:15 IST" duration-ms="244" status="PASS">
          <reporter-output>
          </reporter-output>
        </test-method> <!-- beforeSuite -->
        <test-method is-config="true" signature="Initialset(org.testng.ITestContext)[pri:0, instance:TestComponent.UITest@4135c3b]" started-at="2022-03-03T21:03:16 IST" name="Initialset" finished-at="2022-03-03T21:03:27 IST" duration-ms="11936" status="PASS">
          <params>
            <param index="0">
              <value>
                <![CDATA[org.testng.TestRunner@27e7c77f]]>
              </value>
            </param>
          </params>
          <reporter-output>
          </reporter-output>
        </test-method> <!-- Initialset -->
        <test-method signature="Scenarioone()[pri:0, instance:TestComponent.UITest@4135c3b]" started-at="2022-03-03T21:03:27 IST" name="Scenarioone" finished-at="2022-03-03T21:04:02 IST" duration-ms="34958" status="PASS">
          <reporter-output>
          </reporter-output>
        </test-method> <!-- Scenarioone -->
        <test-method is-config="true" signature="afterMethod()[pri:0, instance:TestComponent.UITest@4135c3b]" started-at="2022-03-03T21:04:02 IST" name="afterMethod" finished-at="2022-03-03T21:04:07 IST" duration-ms="4860" status="PASS">
          <reporter-output>
          </reporter-output>
        </test-method> <!-- afterMethod -->
        <test-method is-config="true" signature="afterSuite()[pri:0, instance:TestComponent.UITest@4135c3b]" started-at="2022-03-03T21:04:07 IST" name="afterSuite" finished-at="2022-03-03T21:04:07 IST" duration-ms="32" status="PASS">
          <reporter-output>
          </reporter-output>
        </test-method> <!-- afterSuite -->
      </class> <!-- TestComponent.UITest -->
    </test> <!-- Testone -->
  </suite> <!-- Suite -->
</testng-results>
